<?xml version="1.0" encoding="UTF-8"?>
<testng-results ignored="0" total="1" passed="1" failed="0" skipped="0">
  <reporter-output>
  </reporter-output>
  <suite started-at="2021-06-01T19:03:00 CEST" name="Default suite" finished-at="2021-06-01T19:03:04 CEST" duration-ms="4287">
    <groups>
      <group name="heartbeat">
        <method signature="InputLowIntegerAndValidateResult.validateLowIntegerAndResult()[pri:0, instance:tests.InputLowIntegerAndValidateResult@3d6f0054]" name="validateLowIntegerAndResult" class="tests.InputLowIntegerAndValidateResult"/>
      </group> <!-- heartbeat -->
    </groups>
    <test started-at="2021-06-01T19:03:00 CEST" name="Default test" finished-at="2021-06-01T19:03:04 CEST" duration-ms="4287">
      <class name="tests.InputLowIntegerAndValidateResult">
        <test-method is-config="true" signature="setup()[pri:0, instance:tests.InputLowIntegerAndValidateResult@3d6f0054]" started-at="2021-06-01T19:03:00 CEST" name="setup" finished-at="2021-06-01T19:03:02 CEST" duration-ms="2421" status="PASS">
          <reporter-output>
          </reporter-output>
        </test-method> <!-- setup -->
        <test-method signature="validateLowIntegerAndResult()[pri:0, instance:tests.InputLowIntegerAndValidateResult@3d6f0054]" started-at="2021-06-01T19:03:02 CEST" name="validateLowIntegerAndResult" description="Verify that input of Low Integer 1 is matching expected result" finished-at="2021-06-01T19:03:02 CEST" duration-ms="381" status="PASS">
          <reporter-output>
          </reporter-output>
        </test-method> <!-- validateLowIntegerAndResult -->
        <test-method is-config="true" signature="tearDown()[pri:0, instance:tests.InputLowIntegerAndValidateResult@3d6f0054]" started-at="2021-06-01T19:03:02 CEST" name="tearDown" finished-at="2021-06-01T19:03:04 CEST" duration-ms="1460" status="PASS">
          <reporter-output>
          </reporter-output>
        </test-method> <!-- tearDown -->
      </class> <!-- tests.InputLowIntegerAndValidateResult -->
    </test> <!-- Default test -->
  </suite> <!-- Default suite -->
</testng-results>
