<?xml version="1.0" encoding="UTF-8"?>
<!-- Generated by org.testng.reporters.JUnitXMLReporter -->
<testsuite ignored="5" hostname="DESKTOP-C89HPAB" failures="0" tests="2" name="FactorialTests_API" time="1.976" errors="0" timestamp="2021-06-01T18:15:36 CEST">
  <testcase classname="tests.RestFactorialApiTest" name="APITestFactorialInteger" time="1.65"/>
  <testcase classname="tests.RestFactorialApiTest" name="APITestFactorialString" time="0.288"/>
  <testcase classname="tests.InputHappyPathIntegerAndValidateResult" name="validateHappyPathIntegerAndResult" time="0.0">
    <ignored/>
  </testcase> <!-- validateHappyPathIntegerAndResult -->
  <testcase classname="tests.NaviagateToHomePageAndValidateStrings" name="validateElementsonHomePage" time="0.0">
    <ignored/>
  </testcase> <!-- validateElementsonHomePage -->
  <testcase classname="tests.NegativeTestInputNegativeInteger" name="validateStringInputError" time="0.0">
    <ignored/>
  </testcase> <!-- validateStringInputError -->
  <testcase classname="tests.NegativeTestInputDecimal" name="validateStringInputError" time="0.0">
    <ignored/>
  </testcase> <!-- validateStringInputError -->
  <testcase classname="tests.NegativeTestInputString" name="validateStringInputError" time="0.0">
    <ignored/>
  </testcase> <!-- validateStringInputError -->
</testsuite> <!-- FactorialTests_API -->
